  ANDROID_HOME=C:\ProgramData\Microsoft\android-sdk
  ANT_HOME=C:\Program Files (x86)\Microsoft Visual Studio 14.0\Apps\apache-ant-1.9.3\
  JAVA_HOME=C:\Program Files (x86)\Java\jdk1.7.0_55
  NDK_ROOT=C:\ProgramData\Microsoft\AndroidNDK\android-ndk-r10e
  Using built-in specs.
  COLLECT_GCC=C:\ProgramData\Microsoft\AndroidNDK\android-ndk-r10e\toolchains\arm-linux-androideabi-4.9\prebuilt\windows\bin\arm-linux-androideabi-gcc.exe
  COLLECT_LTO_WRAPPER=c:/programdata/microsoft/androidndk/android-ndk-r10e/toolchains/arm-linux-androideabi-4.9/prebuilt/windows/bin/../libexec/gcc/arm-linux-androideabi/4.9/lto-wrapper.exe
  Target: arm-linux-androideabi
  Configured with: /s/ndk-toolchain/src/build/../gcc/gcc-4.9/configure --prefix=/tmp/ndk-andrewhsieh/build/toolchain/prefix --target=arm-linux-androideabi --host=i586-pc-mingw32msvc --build=i386-linux-gnu --with-gnu-as --with-gnu-ld --enable-languages=c,c++ --with-gmp=/tmp/ndk-andrewhsieh/build/toolchain/temp-install --with-mpfr=/tmp/ndk-andrewhsieh/build/toolchain/temp-install --with-mpc=/tmp/ndk-andrewhsieh/build/toolchain/temp-install --with-cloog=/tmp/ndk-andrewhsieh/build/toolchain/temp-install --with-isl=/tmp/ndk-andrewhsieh/build/toolchain/temp-install --with-ppl=/tmp/ndk-andrewhsieh/build/toolchain/temp-install --disable-ppl-version-check --disable-cloog-version-check --disable-isl-version-check --enable-cloog-backend=isl --with-host-libstdcxx='-static-libgcc -Wl,-Bstatic,-lstdc++,-Bdynamic -lm' --disable-libssp --enable-threads --disable-nls --disable-libmudflap --disable-libgomp --disable-libstdc__-v3 --disable-sjlj-exceptions --disable-shared --disable-tls --disable-libitm --with-float=soft --with-fpu=vfp --with-arch=armv5te --enable-target-optspace --enable-initfini-array --disable-nls --prefix=/tmp/ndk-andrewhsieh/build/toolchain/prefix --with-sysroot=/tmp/ndk-andrewhsieh/build/toolchain/prefix/sysroot --with-binutils-version=2.25 --with-mpfr-version=3.1.1 --with-mpc-version=1.0.1 --with-gmp-version=5.0.5 --with-gcc-version=4.9 --with-gdb-version=7.7 --with-python=/usr/local/google/home/andrewhsieh/mydroid/ndk/prebuilt/windows/bin/python-config.sh --with-gxx-include-dir=/tmp/ndk-andrewhsieh/build/toolchain/prefix/include/c++/4.9 --with-bugurl=http://source.android.com/source/report-bugs.html --enable-languages=c,c++ --disable-bootstrap --enable-plugins --enable-libgomp --enable-gnu-indirect-function --disable-libsanitizer --enable-gold --enable-threads --enable-graphite=yes --with-cloog-version=0.18.0 --with-isl-version=0.11.1 --enable-eh-frame-hdr-for-static --with-arch=armv5te --program-transform-name='s&^&arm-linux-androideabi-&' --enable-gold=default
  Thread model: posix
  gcc version 4.9 20140827 (prerelease) (GCC) 
  COMPILER_PATH=c:/programdata/microsoft/androidndk/android-ndk-r10e/toolchains/arm-linux-androideabi-4.9/prebuilt/windows/bin/../libexec/gcc/arm-linux-androideabi/4.9/;c:/programdata/microsoft/androidndk/android-ndk-r10e/toolchains/arm-linux-androideabi-4.9/prebuilt/windows/bin/../libexec/gcc/;c:/programdata/microsoft/androidndk/android-ndk-r10e/toolchains/arm-linux-androideabi-4.9/prebuilt/windows/bin/../lib/gcc/arm-linux-androideabi/4.9/../../../../arm-linux-androideabi/bin/
  LIBRARY_PATH=c:/programdata/microsoft/androidndk/android-ndk-r10e/toolchains/arm-linux-androideabi-4.9/prebuilt/windows/bin/../lib/gcc/arm-linux-androideabi/4.9/;c:/programdata/microsoft/androidndk/android-ndk-r10e/toolchains/arm-linux-androideabi-4.9/prebuilt/windows/bin/../lib/gcc/;c:/programdata/microsoft/androidndk/android-ndk-r10e/toolchains/arm-linux-androideabi-4.9/prebuilt/windows/bin/../lib/gcc/arm-linux-androideabi/4.9/../../../../arm-linux-androideabi/lib/;C:/ProgramData/Microsoft/AndroidNDK/android-ndk-r10e/platforms/android-19/arch-arm/usr/lib/
  COLLECT_GCC_OPTIONS='-o' 'ARM\Release\libcocos2dcpp.so' '-shared' '-v' '-march=armv5te' '-mfloat-abi=soft' '-mfpu=vfp' '-mtls-dialect=gnu'
   c:/programdata/microsoft/androidndk/android-ndk-r10e/toolchains/arm-linux-androideabi-4.9/prebuilt/windows/bin/../libexec/gcc/arm-linux-androideabi/4.9/collect2.exe -plugin c:/programdata/microsoft/androidndk/android-ndk-r10e/toolchains/arm-linux-androideabi-4.9/prebuilt/windows/bin/../libexec/gcc/arm-linux-androideabi/4.9/liblto_plugin-0.dll -plugin-opt=c:/programdata/microsoft/androidndk/android-ndk-r10e/toolchains/arm-linux-androideabi-4.9/prebuilt/windows/bin/../libexec/gcc/arm-linux-androideabi/4.9/lto-wrapper.exe -plugin-opt=-fresolution=C:\Users\BOSS\AppData\Local\Temp\ccSv9cY0.res -plugin-opt=-pass-through=-lgcc -plugin-opt=-pass-through=-lc -plugin-opt=-pass-through=-ldl -plugin-opt=-pass-through=-lgcc --sysroot=C:\ProgramData\Microsoft\AndroidNDK\android-ndk-r10e\platforms\android-19\arch-arm --eh-frame-hdr -shared -dynamic-linker /system/bin/linker -X -m armelf_linux_eabi -Bsymbolic -z noexecstack -z relro -z now -o ARM\Release\libcocos2dcpp.so C:/ProgramData/Microsoft/AndroidNDK/android-ndk-r10e/platforms/android-19/arch-arm/usr/lib/crtbegin_so.o -Lc:/programdata/microsoft/androidndk/android-ndk-r10e/toolchains/arm-linux-androideabi-4.9/prebuilt/windows/bin/../lib/gcc/arm-linux-androideabi/4.9 -Lc:/programdata/microsoft/androidndk/android-ndk-r10e/toolchains/arm-linux-androideabi-4.9/prebuilt/windows/bin/../lib/gcc -Lc:/programdata/microsoft/androidndk/android-ndk-r10e/toolchains/arm-linux-androideabi-4.9/prebuilt/windows/bin/../lib/gcc/arm-linux-androideabi/4.9/../../../../arm-linux-androideabi/lib -LC:/ProgramData/Microsoft/AndroidNDK/android-ndk-r10e/platforms/android-19/arch-arm/usr/lib @C:\Users\BOSS\AppData\Local\Temp\ccApYVQR -lgcc -lc -ldl -lgcc C:/ProgramData/Microsoft/AndroidNDK/android-ndk-r10e/platforms/android-19/arch-arm/usr/lib/crtend_so.o
  c:/programdata/microsoft/androidndk/android-ndk-r10e/toolchains/arm-linux-androideabi-4.9/prebuilt/windows/bin/../lib/gcc/arm-linux-androideabi/4.9/../../../../arm-linux-androideabi/bin/ld.exe: initial tasks run time: (user: 0.000000 sys: 0.000000 wall: 0.293000)
  c:/programdata/microsoft/androidndk/android-ndk-r10e/toolchains/arm-linux-androideabi-4.9/prebuilt/windows/bin/../lib/gcc/arm-linux-androideabi/4.9/../../../../arm-linux-androideabi/bin/ld.exe: middle tasks run time: (user: 0.000000 sys: 0.000000 wall: 0.576000)
  c:/programdata/microsoft/androidndk/android-ndk-r10e/toolchains/arm-linux-androideabi-4.9/prebuilt/windows/bin/../lib/gcc/arm-linux-androideabi/4.9/../../../../arm-linux-androideabi/bin/ld.exe: final tasks run time: (user: 0.000000 sys: 0.000000 wall: 0.174000)
  c:/programdata/microsoft/androidndk/android-ndk-r10e/toolchains/arm-linux-androideabi-4.9/prebuilt/windows/bin/../lib/gcc/arm-linux-androideabi/4.9/../../../../arm-linux-androideabi/bin/ld.exe: total run time: (user: 0.000000 sys: 0.000000 wall: 1.043000)
  c:/programdata/microsoft/androidndk/android-ndk-r10e/toolchains/arm-linux-androideabi-4.9/prebuilt/windows/bin/../lib/gcc/arm-linux-androideabi/4.9/../../../../arm-linux-androideabi/bin/ld.exe: total bytes mapped for read: 0
  c:/programdata/microsoft/androidndk/android-ndk-r10e/toolchains/arm-linux-androideabi-4.9/prebuilt/windows/bin/../lib/gcc/arm-linux-androideabi/4.9/../../../../arm-linux-androideabi/bin/ld.exe: maximum bytes mapped for read at one time: 0
  c:/programdata/microsoft/androidndk/android-ndk-r10e/toolchains/arm-linux-androideabi-4.9/prebuilt/windows/bin/../lib/gcc/arm-linux-androideabi/4.9/../../../../arm-linux-androideabi/bin/ld.exe: archive libraries: 12
  c:/programdata/microsoft/androidndk/android-ndk-r10e/toolchains/arm-linux-androideabi-4.9/prebuilt/windows/bin/../lib/gcc/arm-linux-androideabi/4.9/../../../../arm-linux-androideabi/bin/ld.exe: total archive members: 2695
  c:/programdata/microsoft/androidndk/android-ndk-r10e/toolchains/arm-linux-androideabi-4.9/prebuilt/windows/bin/../lib/gcc/arm-linux-androideabi/4.9/../../../../arm-linux-androideabi/bin/ld.exe: loaded archive members: 335
  c:/programdata/microsoft/androidndk/android-ndk-r10e/toolchains/arm-linux-androideabi-4.9/prebuilt/windows/bin/../lib/gcc/arm-linux-androideabi/4.9/../../../../arm-linux-androideabi/bin/ld.exe: lib groups: 0
  c:/programdata/microsoft/androidndk/android-ndk-r10e/toolchains/arm-linux-androideabi-4.9/prebuilt/windows/bin/../lib/gcc/arm-linux-androideabi/4.9/../../../../arm-linux-androideabi/bin/ld.exe: total lib groups members: 0
  c:/programdata/microsoft/androidndk/android-ndk-r10e/toolchains/arm-linux-androideabi-4.9/prebuilt/windows/bin/../lib/gcc/arm-linux-androideabi/4.9/../../../../arm-linux-androideabi/bin/ld.exe: loaded lib groups members: 0
  c:/programdata/microsoft/androidndk/android-ndk-r10e/toolchains/arm-linux-androideabi-4.9/prebuilt/windows/bin/../lib/gcc/arm-linux-androideabi/4.9/../../../../arm-linux-androideabi/bin/ld.exe: output file size: 14148172 bytes
  c:/programdata/microsoft/androidndk/android-ndk-r10e/toolchains/arm-linux-androideabi-4.9/prebuilt/windows/bin/../lib/gcc/arm-linux-androideabi/4.9/../../../../arm-linux-androideabi/bin/ld.exe: symbol table entries: 26000; buckets: 608903
  c:/programdata/microsoft/androidndk/android-ndk-r10e/toolchains/arm-linux-androideabi-4.9/prebuilt/windows/bin/../lib/gcc/arm-linux-androideabi/4.9/../../../../arm-linux-androideabi/bin/ld.exe: symbol table stringpool entries: 26000; buckets: 608903
  c:/programdata/microsoft/androidndk/android-ndk-r10e/toolchains/arm-linux-androideabi-4.9/prebuilt/windows/bin/../lib/gcc/arm-linux-androideabi/4.9/../../../../arm-linux-androideabi/bin/ld.exe: symbol table stringpool Stringdata structures: 1201
  c:/programdata/microsoft/androidndk/android-ndk-r10e/toolchains/arm-linux-androideabi-4.9/prebuilt/windows/bin/../lib/gcc/arm-linux-androideabi/4.9/../../../../arm-linux-androideabi/bin/ld.exe: section name pool entries: 33; buckets: 47
  c:/programdata/microsoft/androidndk/android-ndk-r10e/toolchains/arm-linux-androideabi-4.9/prebuilt/windows/bin/../lib/gcc/arm-linux-androideabi/4.9/../../../../arm-linux-androideabi/bin/ld.exe: section name pool Stringdata structures: 1
  c:/programdata/microsoft/androidndk/android-ndk-r10e/toolchains/arm-linux-androideabi-4.9/prebuilt/windows/bin/../lib/gcc/arm-linux-androideabi/4.9/../../../../arm-linux-androideabi/bin/ld.exe: output symbol name pool entries: 29610; buckets: 85229
  c:/programdata/microsoft/androidndk/android-ndk-r10e/toolchains/arm-linux-androideabi-4.9/prebuilt/windows/bin/../lib/gcc/arm-linux-androideabi/4.9/../../../../arm-linux-androideabi/bin/ld.exe: output symbol name pool Stringdata structures: 210
  c:/programdata/microsoft/androidndk/android-ndk-r10e/toolchains/arm-linux-androideabi-4.9/prebuilt/windows/bin/../lib/gcc/arm-linux-androideabi/4.9/../../../../arm-linux-androideabi/bin/ld.exe: dynamic name pool entries: 21574; buckets: 85229
  c:/programdata/microsoft/androidndk/android-ndk-r10e/toolchains/arm-linux-androideabi-4.9/prebuilt/windows/bin/../lib/gcc/arm-linux-androideabi/4.9/../../../../arm-linux-androideabi/bin/ld.exe: dynamic name pool Stringdata structures: 1
  c:/programdata/microsoft/androidndk/android-ndk-r10e/toolchains/arm-linux-androideabi-4.9/prebuilt/windows/bin/../lib/gcc/arm-linux-androideabi/4.9/../../../../arm-linux-androideabi/bin/ld.exe: .comment merged strings input bytes: 31056
  c:/programdata/microsoft/androidndk/android-ndk-r10e/toolchains/arm-linux-androideabi-4.9/prebuilt/windows/bin/../lib/gcc/arm-linux-androideabi/4.9/../../../../arm-linux-androideabi/bin/ld.exe: .comment merged strings input strings: 830
  c:/programdata/microsoft/androidndk/android-ndk-r10e/toolchains/arm-linux-androideabi-4.9/prebuilt/windows/bin/../lib/gcc/arm-linux-androideabi/4.9/../../../../arm-linux-androideabi/bin/ld.exe: .comment merged strings entries: 5; buckets: 11
  c:/programdata/microsoft/androidndk/android-ndk-r10e/toolchains/arm-linux-androideabi-4.9/prebuilt/windows/bin/../lib/gcc/arm-linux-androideabi/4.9/../../../../arm-linux-androideabi/bin/ld.exe: .comment merged strings Stringdata structures: 1
  c:/programdata/microsoft/androidndk/android-ndk-r10e/toolchains/arm-linux-androideabi-4.9/prebuilt/windows/bin/../lib/gcc/arm-linux-androideabi/4.9/../../../../arm-linux-androideabi/bin/ld.exe: .rodata merged strings input bytes: 134716
  c:/programdata/microsoft/androidndk/android-ndk-r10e/toolchains/arm-linux-androideabi-4.9/prebuilt/windows/bin/../lib/gcc/arm-linux-androideabi/4.9/../../../../arm-linux-androideabi/bin/ld.exe: .rodata merged strings input strings: 4280
  c:/programdata/microsoft/androidndk/android-ndk-r10e/toolchains/arm-linux-androideabi-4.9/prebuilt/windows/bin/../lib/gcc/arm-linux-androideabi/4.9/../../../../arm-linux-androideabi/bin/ld.exe: .rodata merged strings entries: 3407; buckets: 3739
  c:/programdata/microsoft/androidndk/android-ndk-r10e/toolchains/arm-linux-androideabi-4.9/prebuilt/windows/bin/../lib/gcc/arm-linux-androideabi/4.9/../../../../arm-linux-androideabi/bin/ld.exe: .rodata merged strings Stringdata structures: 99
  c:/programdata/microsoft/androidndk/android-ndk-r10e/toolchains/arm-linux-androideabi-4.9/prebuilt/windows/bin/../lib/gcc/arm-linux-androideabi/4.9/../../../../arm-linux-androideabi/bin/ld.exe: .rodata merged constants size: 1; input: 1; output: 1
  c:/programdata/microsoft/androidndk/android-ndk-r10e/toolchains/arm-linux-androideabi-4.9/prebuilt/windows/bin/../lib/gcc/arm-linux-androideabi/4.9/../../../../arm-linux-androideabi/bin/ld.exe: .rodata merged constants size: 2; input: 2; output: 1
  c:/programdata/microsoft/androidndk/android-ndk-r10e/toolchains/arm-linux-androideabi-4.9/prebuilt/windows/bin/../lib/gcc/arm-linux-androideabi/4.9/../../../../arm-linux-androideabi/bin/ld.exe: .rodata merged 32-bit strings input bytes: 1220
  c:/programdata/microsoft/androidndk/android-ndk-r10e/toolchains/arm-linux-androideabi-4.9/prebuilt/windows/bin/../lib/gcc/arm-linux-androideabi/4.9/../../../../arm-linux-androideabi/bin/ld.exe: .rodata merged 32-bit strings input strings: 56
  c:/programdata/microsoft/androidndk/android-ndk-r10e/toolchains/arm-linux-androideabi-4.9/prebuilt/windows/bin/../lib/gcc/arm-linux-androideabi/4.9/../../../../arm-linux-androideabi/bin/ld.exe: .rodata merged 32-bit strings entries: 57; buckets: 97
  c:/programdata/microsoft/androidndk/android-ndk-r10e/toolchains/arm-linux-androideabi-4.9/prebuilt/windows/bin/../lib/gcc/arm-linux-androideabi/4.9/../../../../arm-linux-androideabi/bin/ld.exe: .rodata merged 32-bit strings Stringdata structures: 2
  c:/programdata/microsoft/androidndk/android-ndk-r10e/toolchains/arm-linux-androideabi-4.9/prebuilt/windows/bin/../lib/gcc/arm-linux-androideabi/4.9/../../../../arm-linux-androideabi/bin/ld.exe: .debug_str merged strings input bytes: 872175
  c:/programdata/microsoft/androidndk/android-ndk-r10e/toolchains/arm-linux-androideabi-4.9/prebuilt/windows/bin/../lib/gcc/arm-linux-androideabi/4.9/../../../../arm-linux-androideabi/bin/ld.exe: .debug_str merged strings input strings: 38153
  c:/programdata/microsoft/androidndk/android-ndk-r10e/toolchains/arm-linux-androideabi-4.9/prebuilt/windows/bin/../lib/gcc/arm-linux-androideabi/4.9/../../../../arm-linux-androideabi/bin/ld.exe: .debug_str merged strings entries: 7964; buckets: 15173
  c:/programdata/microsoft/androidndk/android-ndk-r10e/toolchains/arm-linux-androideabi-4.9/prebuilt/windows/bin/../lib/gcc/arm-linux-androideabi/4.9/../../../../arm-linux-androideabi/bin/ld.exe: .debug_str merged strings Stringdata structures: 308
  c:/programdata/microsoft/androidndk/android-ndk-r10e/toolchains/arm-linux-androideabi-4.9/prebuilt/windows/bin/../lib/gcc/arm-linux-androideabi/4.9/../../../../arm-linux-androideabi/bin/ld.exe: total free lists: 0
  c:/programdata/microsoft/androidndk/android-ndk-r10e/toolchains/arm-linux-androideabi-4.9/prebuilt/windows/bin/../lib/gcc/arm-linux-androideabi/4.9/../../../../arm-linux-androideabi/bin/ld.exe: total free list nodes: 0
  c:/programdata/microsoft/androidndk/android-ndk-r10e/toolchains/arm-linux-androideabi-4.9/prebuilt/windows/bin/../lib/gcc/arm-linux-androideabi/4.9/../../../../arm-linux-androideabi/bin/ld.exe: calls to Free_list::remove: 0
  c:/programdata/microsoft/androidndk/android-ndk-r10e/toolchains/arm-linux-androideabi-4.9/prebuilt/windows/bin/../lib/gcc/arm-linux-androideabi/4.9/../../../../arm-linux-androideabi/bin/ld.exe: nodes visited: 0
  c:/programdata/microsoft/androidndk/android-ndk-r10e/toolchains/arm-linux-androideabi-4.9/prebuilt/windows/bin/../lib/gcc/arm-linux-androideabi/4.9/../../../../arm-linux-androideabi/bin/ld.exe: calls to Free_list::allocate: 0
  c:/programdata/microsoft/androidndk/android-ndk-r10e/toolchains/arm-linux-androideabi-4.9/prebuilt/windows/bin/../lib/gcc/arm-linux-androideabi/4.9/../../../../arm-linux-androideabi/bin/ld.exe: nodes visited: 0
  Cocos2dcpp.vcxproj -> C:\Users\BOSS\Documents\AndroidGame\AndroidGame\proj.visualstudio\ARM\Release\libcocos2dcpp.so
