c:\users\boss\documents\androidgame\androidgame\proj.visualstudio\arm\debug\libcocos2dcpp.so.recipe
c:\users\boss\documents\androidgame\androidgame\proj.visualstudio\cocos2dcpp\arm\debug\ccspriteframe.o
c:\users\boss\documents\androidgame\androidgame\proj.visualstudio\cocos2dcpp\arm\debug\b2contactsolver.o
c:\users\boss\documents\androidgame\androidgame\proj.visualstudio\cocos2dcpp\arm\debug\ccfont.o
c:\users\boss\documents\androidgame\androidgame\proj.visualstudio\cocos2dcpp\arm\debug\btcollisionobject.o
c:\users\boss\documents\androidgame\androidgame\proj.visualstudio\cocos2dcpp\arm\debug\b2contact.o
c:\users\boss\documents\androidgame\androidgame\proj.visualstudio\cocos2dcpp\arm\debug\ccclippingnode.o
c:\users\boss\documents\androidgame\androidgame\proj.visualstudio\cocos2dcpp\arm\debug\ccgroupcommand.o
c:\users\boss\documents\androidgame\androidgame\proj.visualstudio\cocos2dcpp\arm\debug\ccasynctaskpool.o
c:\users\boss\documents\androidgame\androidgame\proj.visualstudio\cocos2dcpp\arm\debug\ccaabb.o
c:\users\boss\documents\androidgame\androidgame\proj.visualstudio\cocos2dcpp\arm\debug\b2timeofimpact.o
c:\users\boss\documents\androidgame\androidgame\proj.visualstudio\cocos2dcpp\arm\debug\spuminkowskipenetrationdepthsolver.o
c:\users\boss\documents\androidgame\androidgame\proj.visualstudio\cocos2dcpp\arm\debug\ccscriptsupport.o
c:\users\boss\documents\androidgame\androidgame\proj.visualstudio\cocos2dcpp\arm\debug\ccmeshcommand.o
c:\users\boss\documents\androidgame\androidgame\proj.visualstudio\cocos2dcpp\arm\debug\ccspritebatchnode.o
c:\users\boss\documents\androidgame\androidgame\proj.visualstudio\cocos2dcpp\arm\debug\bttriangleindexvertexarray.o
c:\users\boss\documents\androidgame\androidgame\proj.visualstudio\cocos2dcpp\arm\debug\btdbvt.o
c:\users\boss\documents\androidgame\androidgame\proj.visualstudio\cocos2dcpp\arm\debug\recastlayers.o
c:\users\boss\documents\androidgame\androidgame\proj.visualstudio\cocos2dcpp\arm\debug\btconvexcast.o
c:\users\boss\documents\androidgame\androidgame\proj.visualstudio\cocos2dcpp\arm\debug\posixthreadsupport.o
c:\users\boss\documents\androidgame\androidgame\proj.visualstudio\cocos2dcpp\arm\debug\btboxboxdetector.o
c:\users\boss\documents\androidgame\androidgame\proj.visualstudio\cocos2dcpp\arm\debug\detourpathqueue.o
c:\users\boss\documents\androidgame\androidgame\proj.visualstudio\cocos2dcpp\arm\debug\ccsaxparser.o
c:\users\boss\documents\androidgame\androidgame\proj.visualstudio\cocos2dcpp\arm\debug\btrigidbody.o
c:\users\boss\documents\androidgame\androidgame\proj.visualstudio\cocos2dcpp\arm\debug\btvector3.o
c:\users\boss\documents\androidgame\androidgame\proj.visualstudio\cocos2dcpp\arm\debug\cceventmouse.o
c:\users\boss\documents\androidgame\androidgame\proj.visualstudio\cocos2dcpp\arm\debug\ccglprogramstate.o
c:\users\boss\documents\androidgame\androidgame\proj.visualstudio\cocos2dcpp\arm\debug\uivbox.o
c:\users\boss\documents\androidgame\androidgame\proj.visualstudio\cocos2dcpp\arm\debug\b2circlecontact.o
c:\users\boss\documents\androidgame\androidgame\proj.visualstudio\cocos2dcpp\arm\debug\appdelegate.o
c:\users\boss\documents\androidgame\androidgame\proj.visualstudio\cocos2dcpp\arm\debug\sweep.o
c:\users\boss\documents\androidgame\androidgame\proj.visualstudio\cocos2dcpp\arm\debug\ccdownloader-android.o
c:\users\boss\documents\androidgame\androidgame\proj.visualstudio\cocos2dcpp\arm\debug\xxhash.o
c:\users\boss\documents\androidgame\androidgame\proj.visualstudio\cocos2dcpp\arm\debug\btsimulationislandmanager.o
c:\users\boss\documents\androidgame\androidgame\proj.visualstudio\cocos2dcpp\arm\debug\btgimpactshape.o
c:\users\boss\documents\androidgame\androidgame\proj.visualstudio\cocos2dcpp\arm\debug\ccscene.o
c:\users\boss\documents\androidgame\androidgame\proj.visualstudio\cocos2dcpp\arm\debug\ccsprite3dmaterial.o
c:\users\boss\documents\androidgame\androidgame\proj.visualstudio\cocos2dcpp\arm\debug\ccclippingrectanglenode.o
c:\users\boss\documents\androidgame\androidgame\proj.visualstudio\cocos2dcpp\arm\debug\uipageviewindicator.o
c:\users\boss\documents\androidgame\androidgame\proj.visualstudio\cocos2dcpp\arm\debug\bttrianglecallback.o
c:\users\boss\documents\androidgame\androidgame\proj.visualstudio\cocos2dcpp\arm\debug\b2chainandpolygoncontact.o
c:\users\boss\documents\androidgame\androidgame\proj.visualstudio\cocos2dcpp\arm\debug\ccallocatorglobal.o
c:\users\boss\documents\androidgame\androidgame\proj.visualstudio\cocos2dcpp\arm\debug\cceventkeyboard.o
c:\users\boss\documents\androidgame\androidgame\proj.visualstudio\cocos2dcpp\arm\debug\btemptyshape.o
c:\users\boss\documents\androidgame\androidgame\proj.visualstudio\cocos2dcpp\arm\debug\btdbvtbroadphase.o
c:\users\boss\documents\androidgame\androidgame\proj.visualstudio\cocos2dcpp\arm\debug\detournavmesh.o
c:\users\boss\documents\androidgame\androidgame\proj.visualstudio\cocos2dcpp\arm\debug\detourcrowd.o
c:\users\boss\documents\androidgame\androidgame\proj.visualstudio\cocos2dcpp\arm\debug\ccphysics3dshape.o
c:\users\boss\documents\androidgame\androidgame\proj.visualstudio\cocos2dcpp\arm\debug\ccdeprecated.o
c:\users\boss\documents\androidgame\androidgame\proj.visualstudio\cocos2dcpp\arm\debug\ccvertexattribbinding.o
c:\users\boss\documents\androidgame\androidgame\proj.visualstudio\cocos2dcpp\arm\debug\ccdirector.o
c:\users\boss\documents\androidgame\androidgame\proj.visualstudio\cocos2dcpp\arm\debug\pcmdata.o
c:\users\boss\documents\androidgame\androidgame\proj.visualstudio\cocos2dcpp\arm\debug\ccninepatchimageparser.o
c:\users\boss\documents\androidgame\androidgame\proj.visualstudio\cocos2dcpp\arm\debug\btcylindershape.o
c:\users\boss\documents\androidgame\androidgame\proj.visualstudio\cocos2dcpp\arm\debug\uieditbox.o
c:\users\boss\documents\androidgame\androidgame\proj.visualstudio\cocos2dcpp\arm\debug\detourdebugdraw.o
c:\users\boss\documents\androidgame\androidgame\proj.visualstudio\cocos2dcpp\arm\debug\bttypedconstraint.o
c:\users\boss\documents\androidgame\androidgame\proj.visualstudio\cocos2dcpp\arm\debug\uiwebview.o
c:\users\boss\documents\androidgame\androidgame\proj.visualstudio\cocos2dcpp\arm\debug\bttrianglebuffer.o
c:\users\boss\documents\androidgame\androidgame\proj.visualstudio\cocos2dcpp\arm\debug\ccrenderer.o
c:\users\boss\documents\androidgame\androidgame\proj.visualstudio\cocos2dcpp\arm\debug\btconvexinternalshape.o
c:\users\boss\documents\androidgame\androidgame\proj.visualstudio\cocos2dcpp\arm\debug\ccanimate3d.o
c:\users\boss\documents\androidgame\androidgame\proj.visualstudio\cocos2dcpp\arm\debug\b2worldcallbacks.o
c:\users\boss\documents\androidgame\androidgame\proj.visualstudio\cocos2dcpp\arm\debug\btheightfieldterrainshape.o
c:\users\boss\documents\androidgame\androidgame\proj.visualstudio\cocos2dcpp\arm\debug\detourpathcorridor.o
c:\users\boss\documents\androidgame\androidgame\proj.visualstudio\cocos2dcpp\arm\debug\ccuserdefault-winrt.o
c:\users\boss\documents\androidgame\androidgame\proj.visualstudio\cocos2dcpp\arm\debug\ccbillboard.o
c:\users\boss\documents\androidgame\androidgame\proj.visualstudio\cocos2dcpp\arm\debug\ccuserdefault-android.o
c:\users\boss\documents\androidgame\androidgame\proj.visualstudio\cocos2dcpp\arm\debug\ccphysicscontact.o
c:\users\boss\documents\androidgame\androidgame\proj.visualstudio\cocos2dcpp\arm\debug\minicl.o
c:\users\boss\documents\androidgame\androidgame\proj.visualstudio\cocos2dcpp\arm\debug\ccbatchcommand.o
c:\users\boss\documents\androidgame\androidgame\proj.visualstudio\cocos2dcpp\arm\debug\b2stackallocator.o
c:\users\boss\documents\androidgame\androidgame\proj.visualstudio\cocos2dcpp\arm\debug\btgjkepa2.o
c:\users\boss\documents\androidgame\androidgame\proj.visualstudio\cocos2dcpp\arm\debug\btgeneric6dofspringconstraint.o
c:\users\boss\documents\androidgame\androidgame\proj.visualstudio\cocos2dcpp\arm\debug\uiloadingbar.o
c:\users\boss\documents\androidgame\androidgame\proj.visualstudio\cocos2dcpp\arm\debug\b2weldjoint.o
c:\users\boss\documents\androidgame\androidgame\proj.visualstudio\cocos2dcpp\arm\debug\audiomixer.o
c:\users\boss\documents\androidgame\androidgame\proj.visualstudio\cocos2dcpp\arm\debug\ccparallaxnode.o
c:\users\boss\documents\androidgame\androidgame\proj.visualstudio\cocos2dcpp\arm\debug\btgjkconvexcast.o
c:\users\boss\documents\androidgame\androidgame\proj.visualstudio\cocos2dcpp\arm\debug\ccvalue.o
c:\users\boss\documents\androidgame\androidgame\proj.visualstudio\cocos2dcpp\arm\debug\ccimedispatcher.o
c:\users\boss\documents\androidgame\androidgame\proj.visualstudio\cocos2dcpp\arm\debug\b2world.o
c:\users\boss\documents\androidgame\androidgame\proj.visualstudio\cocos2dcpp\arm\debug\btsoftbodyrigidbodycollisionconfiguration.o
c:\users\boss\documents\androidgame\androidgame\proj.visualstudio\cocos2dcpp\arm\debug\btwheelinfo.o
c:\users\boss\documents\androidgame\androidgame\proj.visualstudio\cocos2dcpp\arm\debug\btvoronoisimplexsolver.o
c:\users\boss\documents\androidgame\androidgame\proj.visualstudio\cocos2dcpp\arm\debug\cccamerabackgroundbrush.o
c:\users\boss\documents\androidgame\androidgame\proj.visualstudio\cocos2dcpp\arm\debug\ccphysics3dconstraint.o
c:\users\boss\documents\androidgame\androidgame\proj.visualstudio\cocos2dcpp\arm\debug\uirelativebox.o
c:\users\boss\documents\androidgame\androidgame\proj.visualstudio\cocos2dcpp\arm\debug\b2distance.o
c:\users\boss\documents\androidgame\androidgame\proj.visualstudio\cocos2dcpp\arm\debug\spheretriangledetector.o
c:\users\boss\documents\androidgame\androidgame\proj.visualstudio\cocos2dcpp\arm\debug\cclabelatlas.o
c:\users\boss\documents\androidgame\androidgame\proj.visualstudio\cocos2dcpp\arm\debug\cccarray.o
c:\users\boss\documents\androidgame\androidgame\proj.visualstudio\cocos2dcpp\arm\debug\btgimpactquantizedbvh.o
c:\users\boss\documents\androidgame\androidgame\proj.visualstudio\cocos2dcpp\arm\debug\ccrenderstate.o
c:\users\boss\documents\androidgame\androidgame\proj.visualstudio\cocos2dcpp\arm\debug\btkinematiccharactercontroller.o
c:\users\boss\documents\androidgame\androidgame\proj.visualstudio\cocos2dcpp\arm\debug\detourtilecache.o
c:\users\boss\documents\androidgame\androidgame\proj.visualstudio\cocos2dcpp\arm\debug\btconvexconvexalgorithm.o
c:\users\boss\documents\androidgame\androidgame\proj.visualstudio\cocos2dcpp\arm\debug\gim_box_set.o
c:\users\boss\documents\androidgame\androidgame\proj.visualstudio\cocos2dcpp\arm\debug\format.o
c:\users\boss\documents\androidgame\androidgame\proj.visualstudio\cocos2dcpp\arm\debug\b2frictionjoint.o
c:\users\boss\documents\androidgame\androidgame\proj.visualstudio\cocos2dcpp\arm\debug\objectfactory.o
c:\users\boss\documents\androidgame\androidgame\proj.visualstudio\cocos2dcpp\arm\debug\ccphysicsjoint.o
c:\users\boss\documents\androidgame\androidgame\proj.visualstudio\cocos2dcpp\arm\debug\btboxboxcollisionalgorithm.o
c:\users\boss\documents\androidgame\androidgame\proj.visualstudio\cocos2dcpp\arm\debug\cctmxlayer.o
c:\users\boss\documents\androidgame\androidgame\proj.visualstudio\cocos2dcpp\arm\debug\bthashedsimplepaircache.o
c:\users\boss\documents\androidgame\androidgame\proj.visualstudio\cocos2dcpp\arm\debug\btstridingmeshinterface.o
c:\users\boss\documents\androidgame\androidgame\proj.visualstudio\cocos2dcpp\arm\debug\uilayoutcomponent.o
c:\users\boss\documents\androidgame\androidgame\proj.visualstudio\cocos2dcpp\arm\debug\ccspriteframecache.o
c:\users\boss\documents\androidgame\androidgame\proj.visualstudio\cocos2dcpp\arm\debug\cctexturecube.o
c:\users\boss\documents\androidgame\androidgame\proj.visualstudio\cocos2dcpp\arm\debug\b2polygonandcirclecontact.o
c:\users\boss\documents\androidgame\androidgame\proj.visualstudio\cocos2dcpp\arm\debug\ccapplication-android.o
c:\users\boss\documents\androidgame\androidgame\proj.visualstudio\cocos2dcpp\arm\debug\ccdandroidutils.o
c:\users\boss\documents\androidgame\androidgame\proj.visualstudio\cocos2dcpp\arm\debug\ccscheduler.o
c:\users\boss\documents\androidgame\androidgame\proj.visualstudio\cocos2dcpp\arm\debug\cceventlisteneracceleration.o
c:\users\boss\documents\androidgame\androidgame\proj.visualstudio\cocos2dcpp\arm\debug\btsequentialimpulseconstraintsolver.o
c:\users\boss\documents\androidgame\androidgame\proj.visualstudio\cocos2dcpp\arm\debug\b2island.o
c:\users\boss\documents\androidgame\androidgame\proj.visualstudio\cocos2dcpp\arm\debug\ccquadcommand.o
c:\users\boss\documents\androidgame\androidgame\proj.visualstudio\cocos2dcpp\arm\debug\btpoint2pointconstraint.o
c:\users\boss\documents\androidgame\androidgame\proj.visualstudio\cocos2dcpp\arm\debug\cctmxtiledmap.o
c:\users\boss\documents\androidgame\androidgame\proj.visualstudio\cocos2dcpp\arm\debug\gim_memory.o
c:\users\boss\documents\androidgame\androidgame\proj.visualstudio\cocos2dcpp\arm\debug\ccevent.o
c:\users\boss\documents\androidgame\androidgame\proj.visualstudio\cocos2dcpp\arm\debug\btgpu3dgridbroadphase.o
c:\users\boss\documents\androidgame\androidgame\proj.visualstudio\cocos2dcpp\arm\debug\btconvex2dconvex2dalgorithm.o
c:\users\boss\documents\androidgame\androidgame\proj.visualstudio\cocos2dcpp\arm\debug\recastmeshdetail.o
c:\users\boss\documents\androidgame\androidgame\proj.visualstudio\cocos2dcpp\arm\debug\ccaffinetransform.o
c:\users\boss\documents\androidgame\androidgame\proj.visualstudio\cocos2dcpp\arm\debug\cceventacceleration.o
c:\users\boss\documents\androidgame\androidgame\proj.visualstudio\cocos2dcpp\arm\debug\ccdata.o
c:\users\boss\documents\androidgame\androidgame\proj.visualstudio\cocos2dcpp\arm\debug\b2mousejoint.o
c:\users\boss\documents\androidgame\androidgame\proj.visualstudio\cocos2dcpp\arm\debug\btcompoundcollisionalgorithm.o
c:\users\boss\documents\androidgame\androidgame\proj.visualstudio\cocos2dcpp\arm\debug\btinternaledgeutility.o
c:\users\boss\documents\androidgame\androidgame\proj.visualstudio\cocos2dcpp\arm\debug\btpolardecomposition.o
c:\users\boss\documents\androidgame\androidgame\proj.visualstudio\cocos2dcpp\arm\debug\btconvexshape.o
c:\users\boss\documents\androidgame\androidgame\proj.visualstudio\cocos2dcpp\arm\debug\ccarray.o
c:\users\boss\documents\androidgame\androidgame\proj.visualstudio\cocos2dcpp\arm\debug\btcontinuousconvexcollision.o
c:\users\boss\documents\androidgame\androidgame\proj.visualstudio\cocos2dcpp\arm\debug\ccactionease.o
c:\users\boss\documents\androidgame\androidgame\proj.visualstudio\cocos2dcpp\arm\debug\ccsprite.o
c:\users\boss\documents\androidgame\androidgame\proj.visualstudio\cocos2dcpp\arm\debug\bttriangleshapeex.o
c:\users\boss\documents\androidgame\androidgame\proj.visualstudio\cocos2dcpp\arm\debug\uilistview.o
c:\users\boss\documents\androidgame\androidgame\proj.visualstudio\cocos2dcpp\arm\debug\btdiscretedynamicsworld.o
c:\users\boss\documents\androidgame\androidgame\proj.visualstudio\cocos2dcpp\arm\debug\clipper.o
c:\users\boss\documents\androidgame\androidgame\proj.visualstudio\cocos2dcpp\arm\debug\b2broadphase.o
c:\users\boss\documents\androidgame\androidgame\proj.visualstudio\cocos2dcpp\arm\debug\uieditboximpl-win32.o
c:\users\boss\documents\androidgame\androidgame\proj.visualstudio\cocos2dcpp\arm\debug\ccgeometry.o
c:\users\boss\documents\androidgame\androidgame\proj.visualstudio\cocos2dcpp\arm\debug\btsoftrigiddynamicsworld.o
c:\users\boss\documents\androidgame\androidgame\proj.visualstudio\cocos2dcpp\arm\debug\btsolve2linearconstraint.o
c:\users\boss\documents\androidgame\androidgame\proj.visualstudio\cocos2dcpp\arm\debug\btboxshape.o
c:\users\boss\documents\androidgame\androidgame\proj.visualstudio\cocos2dcpp\arm\debug\ccfasttmxtiledmap.o
c:\users\boss\documents\androidgame\androidgame\proj.visualstudio\cocos2dcpp\arm\debug\convertutf.o
c:\users\boss\documents\androidgame\androidgame\proj.visualstudio\cocos2dcpp\arm\debug\ccnavmeshagent.o
c:\users\boss\documents\androidgame\androidgame\proj.visualstudio\cocos2dcpp\arm\debug\atitc.o
c:\users\boss\documents\androidgame\androidgame\proj.visualstudio\cocos2dcpp\arm\debug\btserializer.o
c:\users\boss\documents\androidgame\androidgame\proj.visualstudio\cocos2dcpp\arm\debug\ccmeshskin.o
c:\users\boss\documents\androidgame\androidgame\proj.visualstudio\cocos2dcpp\arm\debug\ccphysics3ddebugdrawer.o
c:\users\boss\documents\androidgame\androidgame\proj.visualstudio\cocos2dcpp\arm\debug\btraycastcallback.o
c:\users\boss\documents\androidgame\androidgame\proj.visualstudio\cocos2dcpp\arm\debug\b2collision.o
c:\users\boss\documents\androidgame\androidgame\proj.visualstudio\cocos2dcpp\arm\debug\ccutf8.o
c:\users\boss\documents\androidgame\androidgame\proj.visualstudio\cocos2dcpp\arm\debug\ccfileutils-android.o
c:\users\boss\documents\androidgame\androidgame\proj.visualstudio\cocos2dcpp\arm\debug\ccfontatlas.o
c:\users\boss\documents\androidgame\androidgame\proj.visualstudio\cocos2dcpp\arm\debug\ccbundle3d.o
c:\users\boss\documents\androidgame\androidgame\proj.visualstudio\cocos2dcpp\arm\debug\btsphereboxcollisionalgorithm.o
c:\users\boss\documents\androidgame\androidgame\proj.visualstudio\cocos2dcpp\arm\debug\cceventlistenercontroller.o
c:\users\boss\documents\androidgame\androidgame\proj.visualstudio\cocos2dcpp\arm\debug\ccenhanceapi-android.o
c:\users\boss\documents\androidgame\androidgame\proj.visualstudio\cocos2dcpp\arm\debug\b2pulleyjoint.o
c:\users\boss\documents\androidgame\androidgame\proj.visualstudio\cocos2dcpp\arm\debug\b2ropejoint.o
c:\users\boss\documents\androidgame\androidgame\proj.visualstudio\cocos2dcpp\arm\debug\btmultibodydynamicsworld.o
c:\users\boss\documents\androidgame\androidgame\proj.visualstudio\cocos2dcpp\arm\debug\btconvexpointcloudshape.o
c:\users\boss\documents\androidgame\androidgame\proj.visualstudio\cocos2dcpp\arm\debug\cctypes.o
c:\users\boss\documents\androidgame\androidgame\proj.visualstudio\cocos2dcpp\arm\debug\ccrendertexture.o
c:\users\boss\documents\androidgame\androidgame\proj.visualstudio\cocos2dcpp\arm\debug\ccthreadpool.o
c:\users\boss\documents\androidgame\androidgame\proj.visualstudio\cocos2dcpp\arm\debug\recastrasterization.o
c:\users\boss\documents\androidgame\androidgame\proj.visualstudio\cocos2dcpp\arm\debug\recastregion.o
c:\users\boss\documents\androidgame\androidgame\proj.visualstudio\cocos2dcpp\arm\debug\javaactivity-android.o
c:\users\boss\documents\androidgame\androidgame\proj.visualstudio\cocos2dcpp\arm\debug\cctouch.o
c:\users\boss\documents\androidgame\androidgame\proj.visualstudio\cocos2dcpp\arm\debug\btconvexconcavecollisionalgorithm.o
c:\users\boss\documents\androidgame\androidgame\proj.visualstudio\cocos2dcpp\arm\debug\ccutils.o
c:\users\boss\documents\androidgame\androidgame\proj.visualstudio\cocos2dcpp\arm\debug\btfixedconstraint.o
c:\users\boss\documents\androidgame\androidgame\proj.visualstudio\cocos2dcpp\arm\debug\win32threadsupport.o
c:\users\boss\documents\androidgame\androidgame\proj.visualstudio\cocos2dcpp\arm\debug\uilayoutmanager.o
c:\users\boss\documents\androidgame\androidgame\proj.visualstudio\cocos2dcpp\arm\debug\uiscrollview.o
c:\users\boss\documents\androidgame\androidgame\proj.visualstudio\cocos2dcpp\arm\debug\ccfontfnt.o
c:\users\boss\documents\androidgame\androidgame\proj.visualstudio\cocos2dcpp\arm\debug\btmultimaterialtrianglemeshshape.o
c:\users\boss\documents\androidgame\androidgame\proj.visualstudio\cocos2dcpp\arm\debug\ccfasttmxlayer.o
c:\users\boss\documents\androidgame\androidgame\proj.visualstudio\cocos2dcpp\arm\debug\btghostobject.o
c:\users\boss\documents\androidgame\androidgame\proj.visualstudio\cocos2dcpp\arm\debug\ccfileutils.o
c:\users\boss\documents\androidgame\androidgame\proj.visualstudio\cocos2dcpp\arm\debug\btsoftbodyhelpers.o
c:\users\boss\documents\androidgame\androidgame\proj.visualstudio\cocos2dcpp\arm\debug\uiimageview.o
c:\users\boss\documents\androidgame\androidgame\proj.visualstudio\cocos2dcpp\arm\debug\btsoftrigidcollisionalgorithm.o
c:\users\boss\documents\androidgame\androidgame\proj.visualstudio\cocos2dcpp\arm\debug\ccphysicsshape.o
c:\users\boss\documents\androidgame\androidgame\proj.visualstudio\cocos2dcpp\arm\debug\cclabelbmfont.o
c:\users\boss\documents\androidgame\androidgame\proj.visualstudio\cocos2dcpp\arm\debug\btgenericpoolallocator.o
c:\users\boss\documents\androidgame\androidgame\proj.visualstudio\cocos2dcpp\arm\debug\ccray.o
c:\users\boss\documents\androidgame\androidgame\proj.visualstudio\cocos2dcpp\arm\debug\tgalib.o
c:\users\boss\documents\androidgame\androidgame\proj.visualstudio\cocos2dcpp\arm\debug\cccommon-android.o
c:\users\boss\documents\androidgame\androidgame\proj.visualstudio\cocos2dcpp\arm\debug\ccnavmeshdebugdraw.o
c:\users\boss\documents\androidgame\androidgame\proj.visualstudio\cocos2dcpp\arm\debug\ccdrawnode.o
c:\users\boss\documents\androidgame\androidgame\proj.visualstudio\cocos2dcpp\arm\debug\java_org_cocos2dx_lib_cocos2dxhelper.o
c:\users\boss\documents\androidgame\androidgame\proj.visualstudio\cocos2dcpp\arm\debug\btemptycollisionalgorithm.o
c:\users\boss\documents\androidgame\androidgame\proj.visualstudio\cocos2dcpp\arm\debug\ccgrabber.o
c:\users\boss\documents\androidgame\androidgame\proj.visualstudio\cocos2dcpp\arm\debug\recastcontour.o
c:\users\boss\documents\androidgame\androidgame\proj.visualstudio\cocos2dcpp\arm\debug\cocosgui.o
c:\users\boss\documents\androidgame\androidgame\proj.visualstudio\cocos2dcpp\arm\debug\ioapi_mem.o
c:\users\boss\documents\androidgame\androidgame\proj.visualstudio\cocos2dcpp\arm\debug\ccvertex.o
c:\users\boss\documents\androidgame\androidgame\proj.visualstudio\cocos2dcpp\arm\debug\ccmeshvertexindexdata.o
c:\users\boss\documents\androidgame\androidgame\proj.visualstudio\cocos2dcpp\arm\debug\btgimpactcollisionalgorithm.o
c:\users\boss\documents\androidgame\androidgame\proj.visualstudio\cocos2dcpp\arm\debug\recastalloc.o
c:\users\boss\documents\androidgame\androidgame\proj.visualstudio\cocos2dcpp\arm\debug\btconvexhullcomputer.o
c:\users\boss\documents\androidgame\androidgame\proj.visualstudio\cocos2dcpp\arm\debug\sweep_context.o
c:\users\boss\documents\androidgame\androidgame\proj.visualstudio\cocos2dcpp\arm\debug\ccanimation.o
c:\users\boss\documents\androidgame\androidgame\proj.visualstudio\cocos2dcpp\arm\debug\ccnavmesh.o
c:\users\boss\documents\androidgame\androidgame\proj.visualstudio\cocos2dcpp\arm\debug\spusampletask.o
c:\users\boss\documents\androidgame\androidgame\proj.visualstudio\cocos2dcpp\arm\debug\btminkowskisumshape.o
c:\users\boss\documents\androidgame\androidgame\proj.visualstudio\cocos2dcpp\arm\debug\spucollisionshapes.o
c:\users\boss\documents\androidgame\androidgame\proj.visualstudio\cocos2dcpp\arm\debug\sequentialthreadsupport.o
c:\users\boss\documents\androidgame\androidgame\proj.visualstudio\cocos2dcpp\arm\debug\ccactiontiledgrid.o
c:\users\boss\documents\androidgame\androidgame\proj.visualstudio\cocos2dcpp\arm\debug\btgearconstraint.o
c:\users\boss\documents\androidgame\androidgame\proj.visualstudio\cocos2dcpp\arm\debug\ccparticlebatchnode.o
c:\users\boss\documents\androidgame\androidgame\proj.visualstudio\cocos2dcpp\arm\debug\quaternion.o
c:\users\boss\documents\androidgame\androidgame\proj.visualstudio\cocos2dcpp\arm\debug\btactivatingcollisionalgorithm.o
c:\users\boss\documents\androidgame\androidgame\proj.visualstudio\cocos2dcpp\arm\debug\btalignedallocator.o
c:\users\boss\documents\androidgame\androidgame\proj.visualstudio\cocos2dcpp\arm\debug\ccmenuitem.o
c:\users\boss\documents\androidgame\androidgame\proj.visualstudio\cocos2dcpp\arm\debug\b2draw.o
c:\users\boss\documents\androidgame\androidgame\proj.visualstudio\cocos2dcpp\arm\debug\btgjkpairdetector.o
c:\users\boss\documents\androidgame\androidgame\proj.visualstudio\cocos2dcpp\arm\debug\detournode.o
c:\users\boss\documents\androidgame\androidgame\proj.visualstudio\cocos2dcpp\arm\debug\recastdebugdraw.o
c:\users\boss\documents\androidgame\androidgame\proj.visualstudio\cocos2dcpp\arm\debug\cceventcustom.o
c:\users\boss\documents\androidgame\androidgame\proj.visualstudio\cocos2dcpp\arm\debug\localstorage-android.o
c:\users\boss\documents\androidgame\androidgame\proj.visualstudio\cocos2dcpp\arm\debug\b2revolutejoint.o
c:\users\boss\documents\androidgame\androidgame\proj.visualstudio\cocos2dcpp\arm\debug\recastarea.o
c:\users\boss\documents\androidgame\androidgame\proj.visualstudio\cocos2dcpp\arm\debug\cceventlistener.o
c:\users\boss\documents\androidgame\androidgame\proj.visualstudio\cocos2dcpp\arm\debug\btstaticplaneshape.o
c:\users\boss\documents\androidgame\androidgame\proj.visualstudio\cocos2dcpp\arm\debug\cctechnique.o
c:\users\boss\documents\androidgame\androidgame\proj.visualstudio\cocos2dcpp\arm\debug\btaxissweep3.o
c:\users\boss\documents\androidgame\androidgame\proj.visualstudio\cocos2dcpp\arm\debug\b2motorjoint.o
c:\users\boss\documents\androidgame\androidgame\proj.visualstudio\cocos2dcpp\arm\debug\minicltask.o
c:\users\boss\documents\androidgame\androidgame\proj.visualstudio\cocos2dcpp\arm\debug\cctexturecache.o
c:\users\boss\documents\androidgame\androidgame\proj.visualstudio\cocos2dcpp\arm\debug\audiodecoder.o
c:\users\boss\documents\androidgame\androidgame\proj.visualstudio\cocos2dcpp\arm\debug\ccglprogram.o
c:\users\boss\documents\androidgame\androidgame\proj.visualstudio\cocos2dcpp\arm\debug\track.o
c:\users\boss\documents\androidgame\androidgame\proj.visualstudio\cocos2dcpp\arm\debug\ccactiongrid.o
c:\users\boss\documents\androidgame\androidgame\proj.visualstudio\cocos2dcpp\arm\debug\cceventlistenerkeyboard.o
c:\users\boss\documents\androidgame\androidgame\proj.visualstudio\cocos2dcpp\arm\debug\btconetwistconstraint.o
c:\users\boss\documents\androidgame\androidgame\proj.visualstudio\cocos2dcpp\arm\debug\btcollisionworld.o
c:\users\boss\documents\androidgame\androidgame\proj.visualstudio\cocos2dcpp\arm\debug\ccfrustum.o
c:\users\boss\documents\androidgame\androidgame\proj.visualstudio\cocos2dcpp\arm\debug\ccgrid.o
c:\users\boss\documents\androidgame\androidgame\proj.visualstudio\cocos2dcpp\arm\debug\pcmaudioservice.o
c:\users\boss\documents\androidgame\androidgame\proj.visualstudio\cocos2dcpp\arm\debug\urlaudioplayer.o
c:\users\boss\documents\androidgame\androidgame\proj.visualstudio\cocos2dcpp\arm\debug\ccphysicsbody.o
c:\users\boss\documents\androidgame\androidgame\proj.visualstudio\cocos2dcpp\arm\debug\ccattachnode.o
c:\users\boss\documents\androidgame\androidgame\proj.visualstudio\cocos2dcpp\arm\debug\ccphysics3dworld.o
c:\users\boss\documents\androidgame\androidgame\proj.visualstudio\cocos2dcpp\arm\debug\btcollisionshape.o
c:\users\boss\documents\androidgame\androidgame\proj.visualstudio\cocos2dcpp\arm\debug\btsoftbodyconcavecollisionalgorithm.o
c:\users\boss\documents\androidgame\androidgame\proj.visualstudio\cocos2dcpp\arm\debug\ccprogresstimer.o
c:\users\boss\documents\androidgame\androidgame\proj.visualstudio\cocos2dcpp\arm\debug\primitives.o
c:\users\boss\documents\androidgame\androidgame\proj.visualstudio\cocos2dcpp\arm\debug\ccactioncatmullrom.o
c:\users\boss\documents\androidgame\androidgame\proj.visualstudio\cocos2dcpp\arm\debug\cccontroller-android.o
c:\users\boss\documents\androidgame\androidgame\proj.visualstudio\cocos2dcpp\arm\debug\ccnavmeshobstacle.o
c:\users\boss\documents\androidgame\androidgame\proj.visualstudio\cocos2dcpp\arm\debug\ccallocatordiagnostics.o
c:\users\boss\documents\androidgame\androidgame\proj.visualstudio\cocos2dcpp\arm\debug\localstorage.o
c:\users\boss\documents\androidgame\androidgame\proj.visualstudio\cocos2dcpp\arm\debug\ccdownloader.o
c:\users\boss\documents\androidgame\androidgame\proj.visualstudio\cocos2dcpp\arm\debug\uiabstractcheckbutton.o
c:\users\boss\documents\androidgame\androidgame\proj.visualstudio\cocos2dcpp\arm\debug\spucontactmanifoldcollisionalgorithm.o
c:\users\boss\documents\androidgame\androidgame\proj.visualstudio\cocos2dcpp\arm\debug\ccaction.o
c:\users\boss\documents\androidgame\androidgame\proj.visualstudio\cocos2dcpp\arm\debug\ccprofiling.o
c:\users\boss\documents\androidgame\androidgame\proj.visualstudio\cocos2dcpp\arm\debug\b2edgeshape.o
c:\users\boss\documents\androidgame\androidgame\proj.visualstudio\cocos2dcpp\arm\debug\main.o
c:\users\boss\documents\androidgame\androidgame\proj.visualstudio\cocos2dcpp\arm\debug\btquantizedbvh.o
c:\users\boss\documents\androidgame\androidgame\proj.visualstudio\cocos2dcpp\arm\debug\ccthread.o
c:\users\boss\documents\androidgame\androidgame\proj.visualstudio\cocos2dcpp\arm\debug\audioengine-inl.o
c:\users\boss\documents\androidgame\androidgame\proj.visualstudio\cocos2dcpp\arm\debug\btscaledbvhtrianglemeshshape.o
c:\users\boss\documents\androidgame\androidgame\proj.visualstudio\cocos2dcpp\arm\debug\ccanimation3d.o
c:\users\boss\documents\androidgame\androidgame\proj.visualstudio\cocos2dcpp\arm\debug\btdispatcher.o
c:\users\boss\documents\androidgame\androidgame\proj.visualstudio\cocos2dcpp\arm\debug\ccactioncamera.o
c:\users\boss\documents\androidgame\androidgame\proj.visualstudio\cocos2dcpp\arm\debug\ccstring.o
c:\users\boss\documents\androidgame\androidgame\proj.visualstudio\cocos2dcpp\arm\debug\ccatlasnode.o
c:\users\boss\documents\androidgame\androidgame\proj.visualstudio\cocos2dcpp\arm\debug\ccdatavisitor.o
c:\users\boss\documents\androidgame\androidgame\proj.visualstudio\cocos2dcpp\arm\debug\cctmxxmlparser.o
c:\users\boss\documents\androidgame\androidgame\proj.visualstudio\cocos2dcpp\arm\debug\cctexture2d.o
c:\users\boss\documents\androidgame\androidgame\proj.visualstudio\cocos2dcpp\arm\debug\btmultibodypoint2point.o
c:\users\boss\documents\androidgame\androidgame\proj.visualstudio\cocos2dcpp\arm\debug\cctextureatlas.o
c:\users\boss\documents\androidgame\androidgame\proj.visualstudio\cocos2dcpp\arm\debug\btmultibodyjointlimitconstraint.o
c:\users\boss\documents\androidgame\androidgame\proj.visualstudio\cocos2dcpp\arm\debug\cclayer.o
c:\users\boss\documents\androidgame\androidgame\proj.visualstudio\cocos2dcpp\arm\debug\uitext.o
c:\users\boss\documents\androidgame\androidgame\proj.visualstudio\cocos2dcpp\arm\debug\ccparticlesystemquad.o
c:\users\boss\documents\androidgame\androidgame\proj.visualstudio\cocos2dcpp\arm\debug\ccglview.o
c:\users\boss\documents\androidgame\androidgame\proj.visualstudio\cocos2dcpp\arm\debug\vec3.o
c:\users\boss\documents\androidgame\androidgame\proj.visualstudio\cocos2dcpp\arm\debug\ccframebuffer.o
c:\users\boss\documents\androidgame\androidgame\proj.visualstudio\cocos2dcpp\arm\debug\btsubsimplexconvexcast.o
c:\users\boss\documents\androidgame\androidgame\proj.visualstudio\cocos2dcpp\arm\debug\ccactiontween.o
c:\users\boss\documents\androidgame\androidgame\proj.visualstudio\cocos2dcpp\arm\debug\ccskeleton3d.o
c:\users\boss\documents\androidgame\androidgame\proj.visualstudio\cocos2dcpp\arm\debug\minifloat.o
c:\users\boss\documents\androidgame\androidgame\proj.visualstudio\cocos2dcpp\arm\debug\btconvextrianglemeshshape.o
c:\users\boss\documents\androidgame\androidgame\proj.visualstudio\cocos2dcpp\arm\debug\cccamera.o
c:\users\boss\documents\androidgame\androidgame\proj.visualstudio\cocos2dcpp\arm\debug\base64.o
c:\users\boss\documents\androidgame\androidgame\proj.visualstudio\cocos2dcpp\arm\debug\helloworldscene.o
c:\users\boss\documents\androidgame\androidgame\proj.visualstudio\cocos2dcpp\arm\debug\btminkowskipenetrationdepthsolver.o
c:\users\boss\documents\androidgame\androidgame\proj.visualstudio\cocos2dcpp\arm\debug\b2collideedge.o
c:\users\boss\documents\androidgame\androidgame\proj.visualstudio\cocos2dcpp\arm\debug\ccskybox.o
c:\users\boss\documents\androidgame\androidgame\proj.visualstudio\cocos2dcpp\arm\debug\java_org_cocos2dx_lib_cocos2dxrenderer.o
c:\users\boss\documents\androidgame\androidgame\proj.visualstudio\cocos2dcpp\arm\debug\utils.o
c:\users\boss\documents\androidgame\androidgame\proj.visualstudio\cocos2dcpp\arm\debug\cddsimpleaudioengine.o
c:\users\boss\documents\androidgame\androidgame\proj.visualstudio\cocos2dcpp\arm\debug\convertutfwrapper.o
c:\users\boss\documents\androidgame\androidgame\proj.visualstudio\cocos2dcpp\arm\debug\cddandroidandroidjavaengine.o
c:\users\boss\documents\androidgame\androidgame\proj.visualstudio\cocos2dcpp\arm\debug\btsimplebroadphase.o
c:\users\boss\documents\androidgame\androidgame\proj.visualstudio\cocos2dcpp\arm\debug\btshapehull.o
c:\users\boss\documents\androidgame\androidgame\proj.visualstudio\cocos2dcpp\arm\debug\spucontactresult.o
c:\users\boss\documents\androidgame\androidgame\proj.visualstudio\cocos2dcpp\arm\debug\b2timer.o
c:\users\boss\documents\androidgame\androidgame\proj.visualstudio\cocos2dcpp\arm\debug\btoverlappingpaircache.o
c:\users\boss\documents\androidgame\androidgame\proj.visualstudio\cocos2dcpp\arm\debug\ccpass.o
c:\users\boss\documents\androidgame\androidgame\proj.visualstudio\cocos2dcpp\arm\debug\cceventcontroller.o
c:\users\boss\documents\androidgame\androidgame\proj.visualstudio\cocos2dcpp\arm\debug\btoptimizedbvh.o
c:\users\boss\documents\androidgame\androidgame\proj.visualstudio\cocos2dcpp\arm\debug\ccconsole.o
c:\users\boss\documents\androidgame\androidgame\proj.visualstudio\cocos2dcpp\arm\debug\ccphysics3dobject.o
c:\users\boss\documents\androidgame\androidgame\proj.visualstudio\cocos2dcpp\arm\debug\ccautoreleasepool.o
c:\users\boss\documents\androidgame\androidgame\proj.visualstudio\cocos2dcpp\arm\debug\ccphysicssprite3d.o
c:\users\boss\documents\androidgame\androidgame\proj.visualstudio\cocos2dcpp\arm\debug\btgjkepapenetrationdepthsolver.o
c:\users\boss\documents\androidgame\androidgame\proj.visualstudio\cocos2dcpp\arm\debug\boxboxdistance.o
c:\users\boss\documents\androidgame\androidgame\proj.visualstudio\cocos2dcpp\arm\debug\detournavmeshquery.o
c:\users\boss\documents\androidgame\androidgame\proj.visualstudio\cocos2dcpp\arm\debug\b2settings.o
c:\users\boss\documents\androidgame\androidgame\proj.visualstudio\cocos2dcpp\arm\debug\touchesjni.o
c:\users\boss\documents\androidgame\androidgame\proj.visualstudio\cocos2dcpp\arm\debug\ccmaterial.o
c:\users\boss\documents\androidgame\androidgame\proj.visualstudio\cocos2dcpp\arm\debug\spugatheringcollisiontask.o
c:\users\boss\documents\androidgame\androidgame\proj.visualstudio\cocos2dcpp\arm\debug\fastlz.o
c:\users\boss\documents\androidgame\androidgame\proj.visualstudio\cocos2dcpp\arm\debug\btcontactprocessing.o
c:\users\boss\documents\androidgame\androidgame\proj.visualstudio\cocos2dcpp\arm\debug\bttrianglemeshshape.o
c:\users\boss\documents\androidgame\androidgame\proj.visualstudio\cocos2dcpp\arm\debug\bttrianglemesh.o
c:\users\boss\documents\androidgame\androidgame\proj.visualstudio\cocos2dcpp\arm\debug\ccref.o
c:\users\boss\documents\androidgame\androidgame\proj.visualstudio\cocos2dcpp\arm\debug\ccnavmeshutils.o
c:\users\boss\documents\androidgame\androidgame\proj.visualstudio\cocos2dcpp\arm\debug\btmanifoldresult.o
c:\users\boss\documents\androidgame\androidgame\proj.visualstudio\cocos2dcpp\arm\debug\cccomponentcontainer.o
c:\users\boss\documents\androidgame\androidgame\proj.visualstudio\cocos2dcpp\arm\debug\uibutton.o
c:\users\boss\documents\androidgame\androidgame\proj.visualstudio\cocos2dcpp\arm\debug\detourproximitygrid.o
c:\users\boss\documents\androidgame\androidgame\proj.visualstudio\cocos2dcpp\arm\debug\btmultibodyconstraint.o
c:\users\boss\documents\androidgame\androidgame\proj.visualstudio\cocos2dcpp\arm\debug\pvr.o
c:\users\boss\documents\androidgame\androidgame\proj.visualstudio\cocos2dcpp\arm\debug\detourtilecachebuilder.o
c:\users\boss\documents\androidgame\androidgame\proj.visualstudio\cocos2dcpp\arm\debug\spucollisiontaskprocess.o
c:\users\boss\documents\androidgame\androidgame\proj.visualstudio\cocos2dcpp\arm\debug\cccustomcommand.o
c:\users\boss\documents\androidgame\androidgame\proj.visualstudio\cocos2dcpp\arm\debug\uilayout.o
c:\users\boss\documents\androidgame\androidgame\proj.visualstudio\cocos2dcpp\arm\debug\b2prismaticjoint.o
c:\users\boss\documents\androidgame\androidgame\proj.visualstudio\cocos2dcpp\arm\debug\detourcommon.o
c:\users\boss\documents\androidgame\androidgame\proj.visualstudio\cocos2dcpp\arm\debug\ccfpsimages.o
c:\users\boss\documents\androidgame\androidgame\proj.visualstudio\cocos2dcpp\arm\debug\ccbundlereader.o
c:\users\boss\documents\androidgame\androidgame\proj.visualstudio\cocos2dcpp\arm\debug\btraycastvehicle.o
c:\users\boss\documents\androidgame\androidgame\proj.visualstudio\cocos2dcpp\arm\debug\detourlocalboundary.o
c:\users\boss\documents\androidgame\androidgame\proj.visualstudio\cocos2dcpp\arm\debug\btgimpactbvh.o
c:\users\boss\documents\androidgame\androidgame\proj.visualstudio\cocos2dcpp\arm\debug\cdt.o
c:\users\boss\documents\androidgame\androidgame\proj.visualstudio\cocos2dcpp\arm\debug\advancing_front.o
c:\users\boss\documents\androidgame\androidgame\proj.visualstudio\cocos2dcpp\arm\debug\ccshaders.o
c:\users\boss\documents\androidgame\androidgame\proj.visualstudio\cocos2dcpp\arm\debug\recastmesh.o
c:\users\boss\documents\androidgame\androidgame\proj.visualstudio\cocos2dcpp\arm\debug\btpolyhedralconvexshape.o
c:\users\boss\documents\androidgame\androidgame\proj.visualstudio\cocos2dcpp\arm\debug\vec4.o
c:\users\boss\documents\androidgame\androidgame\proj.visualstudio\cocos2dcpp\arm\debug\ccnodegrid.o
c:\users\boss\documents\androidgame\androidgame\proj.visualstudio\cocos2dcpp\arm\debug\cctmxobjectgroup.o
c:\users\boss\documents\androidgame\androidgame\proj.visualstudio\cocos2dcpp\arm\debug\ccconfiguration.o
c:\users\boss\documents\androidgame\androidgame\proj.visualstudio\cocos2dcpp\arm\debug\uieditboximpl-winrt.o
c:\users\boss\documents\androidgame\androidgame\proj.visualstudio\cocos2dcpp\arm\debug\btconeshape.o
c:\users\boss\documents\androidgame\androidgame\proj.visualstudio\cocos2dcpp\arm\debug\cclabel.o
c:\users\boss\documents\androidgame\androidgame\proj.visualstudio\cocos2dcpp\arm\debug\ccprotectednode.o
c:\users\boss\documents\androidgame\androidgame\proj.visualstudio\cocos2dcpp\arm\debug\spusampletaskprocess.o
c:\users\boss\documents\androidgame\androidgame\proj.visualstudio\cocos2dcpp\arm\debug\ccset.o
c:\users\boss\documents\androidgame\androidgame\proj.visualstudio\cocos2dcpp\arm\debug\ccphysicsworld.o
c:\users\boss\documents\androidgame\androidgame\proj.visualstudio\cocos2dcpp\arm\debug\b2math.o
c:\users\boss\documents\androidgame\androidgame\proj.visualstudio\cocos2dcpp\arm\debug\uieditboximpl-android.o
c:\users\boss\documents\androidgame\androidgame\proj.visualstudio\cocos2dcpp\arm\debug\btconvexplanecollisionalgorithm.o
c:\users\boss\documents\androidgame\androidgame\proj.visualstudio\cocos2dcpp\arm\debug\btpersistentmanifold.o
c:\users\boss\documents\androidgame\androidgame\proj.visualstudio\cocos2dcpp\arm\debug\uideprecated.o
c:\users\boss\documents\androidgame\androidgame\proj.visualstudio\cocos2dcpp\arm\debug\detouralloc.o
c:\users\boss\documents\androidgame\androidgame\proj.visualstudio\cocos2dcpp\arm\debug\cctextfieldttf.o
c:\users\boss\documents\androidgame\androidgame\proj.visualstudio\cocos2dcpp\arm\debug\btsimpledynamicsworld.o
c:\users\boss\documents\androidgame\androidgame\proj.visualstudio\cocos2dcpp\arm\debug\ccactionprogresstimer.o
c:\users\boss\documents\androidgame\androidgame\proj.visualstudio\cocos2dcpp\arm\debug\ccphysics3dcomponent.o
c:\users\boss\documents\androidgame\androidgame\proj.visualstudio\cocos2dcpp\arm\debug\b2gearjoint.o
c:\users\boss\documents\androidgame\androidgame\proj.visualstudio\cocos2dcpp\arm\debug\btparallelconstraintsolver.o
c:\users\boss\documents\androidgame\androidgame\proj.visualstudio\cocos2dcpp\arm\debug\btsoftsoftcollisionalgorithm.o
c:\users\boss\documents\androidgame\androidgame\proj.visualstudio\cocos2dcpp\arm\debug\btbox2dbox2dcollisionalgorithm.o
c:\users\boss\documents\androidgame\androidgame\proj.visualstudio\cocos2dcpp\arm\debug\b2chainshape.o
c:\users\boss\documents\androidgame\androidgame\proj.visualstudio\cocos2dcpp\arm\debug\ccactioninterval.o
c:\users\boss\documents\androidgame\androidgame\proj.visualstudio\cocos2dcpp\arm\debug\uieditboximpl-common.o
c:\users\boss\documents\androidgame\androidgame\proj.visualstudio\cocos2dcpp\arm\debug\uicheckbox.o
c:\users\boss\documents\androidgame\androidgame\proj.visualstudio\cocos2dcpp\arm\debug\b2circleshape.o
c:\users\boss\documents\androidgame\androidgame\proj.visualstudio\cocos2dcpp\arm\debug\uihelper.o
c:\users\boss\documents\androidgame\androidgame\proj.visualstudio\cocos2dcpp\arm\debug\btmultisapbroadphase.o
c:\users\boss\documents\androidgame\androidgame\proj.visualstudio\cocos2dcpp\arm\debug\ccglprogramcache.o
c:\users\boss\documents\androidgame\androidgame\proj.visualstudio\cocos2dcpp\arm\debug\gim_tri_collision.o
c:\users\boss\documents\androidgame\androidgame\proj.visualstudio\cocos2dcpp\arm\debug\cctransitionprogress.o
c:\users\boss\documents\androidgame\androidgame\proj.visualstudio\cocos2dcpp\arm\debug\b2contactmanager.o
c:\users\boss\documents\androidgame\androidgame\proj.visualstudio\cocos2dcpp\arm\debug\btuniformscalingshape.o
c:\users\boss\documents\androidgame\androidgame\proj.visualstudio\cocos2dcpp\arm\debug\cccontroller.o
c:\users\boss\documents\androidgame\androidgame\proj.visualstudio\cocos2dcpp\arm\debug\b2polygoncontact.o
c:\users\boss\documents\androidgame\androidgame\proj.visualstudio\cocos2dcpp\arm\debug\ccparticlesystem.o
c:\users\boss\documents\androidgame\androidgame\proj.visualstudio\cocos2dcpp\arm\debug\cctweenfunction.o
c:\users\boss\documents\androidgame\androidgame\proj.visualstudio\cocos2dcpp\arm\debug\recastfilter.o
c:\users\boss\documents\androidgame\androidgame\proj.visualstudio\cocos2dcpp\arm\debug\ccstencilstatemanager.o
c:\users\boss\documents\androidgame\androidgame\proj.visualstudio\cocos2dcpp\arm\debug\btsliderconstraint.o
c:\users\boss\documents\androidgame\androidgame\proj.visualstudio\cocos2dcpp\arm\debug\ccactionmanager.o
c:\users\boss\documents\androidgame\androidgame\proj.visualstudio\cocos2dcpp\arm\debug\spufakedma.o
c:\users\boss\documents\androidgame\androidgame\proj.visualstudio\cocos2dcpp\arm\debug\btconcaveshape.o
c:\users\boss\documents\androidgame\androidgame\proj.visualstudio\cocos2dcpp\arm\debug\b2dynamictree.o
c:\users\boss\documents\androidgame\androidgame\proj.visualstudio\cocos2dcpp\arm\debug\audioplayerprovider.o
c:\users\boss\documents\androidgame\androidgame\proj.visualstudio\cocos2dcpp\arm\debug\ccnotificationcenter.o
c:\users\boss\documents\androidgame\androidgame\proj.visualstudio\cocos2dcpp\arm\debug\btbvhtrianglemeshshape.o
c:\users\boss\documents\androidgame\androidgame\proj.visualstudio\cocos2dcpp\arm\debug\ccglprogramstatecache.o
c:\users\boss\documents\androidgame\androidgame\proj.visualstudio\cocos2dcpp\arm\debug\btmultisphereshape.o
c:\users\boss\documents\androidgame\androidgame\proj.visualstudio\cocos2dcpp\arm\debug\ccobjloader.o
c:\users\boss\documents\androidgame\androidgame\proj.visualstudio\cocos2dcpp\arm\debug\btquickprof.o
c:\users\boss\documents\androidgame\androidgame\proj.visualstudio\cocos2dcpp\arm\debug\assetfd.o
c:\users\boss\documents\androidgame\androidgame\proj.visualstudio\cocos2dcpp\arm\debug\btmultibody.o
c:\users\boss\documents\androidgame\androidgame\proj.visualstudio\cocos2dcpp\arm\debug\cctilemapatlas.o
c:\users\boss\documents\androidgame\androidgame\proj.visualstudio\cocos2dcpp\arm\debug\uirichtext.o
c:\users\boss\documents\androidgame\androidgame\proj.visualstudio\cocos2dcpp\arm\debug\ccsprite3d.o
c:\users\boss\documents\androidgame\androidgame\proj.visualstudio\cocos2dcpp\arm\debug\spucollisionobjectwrapper.o
c:\users\boss\documents\androidgame\androidgame\proj.visualstudio\cocos2dcpp\arm\debug\recastdump.o
c:\users\boss\documents\androidgame\androidgame\proj.visualstudio\cocos2dcpp\arm\debug\jnihelper.o
c:\users\boss\documents\androidgame\androidgame\proj.visualstudio\cocos2dcpp\arm\debug\bthinge2constraint.o
c:\users\boss\documents\androidgame\androidgame\proj.visualstudio\cocos2dcpp\arm\debug\btcollisiondispatcher.o
c:\users\boss\documents\androidgame\androidgame\proj.visualstudio\cocos2dcpp\arm\debug\ccautopolygon.o
c:\users\boss\documents\androidgame\androidgame\proj.visualstudio\cocos2dcpp\arm\debug\cclight.o
c:\users\boss\documents\androidgame\androidgame\proj.visualstudio\cocos2dcpp\arm\debug\btconvexpolyhedron.o
c:\users\boss\documents\androidgame\androidgame\proj.visualstudio\cocos2dcpp\arm\debug\mat4.o
c:\users\boss\documents\androidgame\androidgame\proj.visualstudio\cocos2dcpp\arm\debug\btcollisionalgorithm.o
c:\users\boss\documents\androidgame\androidgame\proj.visualstudio\cocos2dcpp\arm\debug\uieditboximpl-stub.o
c:\users\boss\documents\androidgame\androidgame\proj.visualstudio\cocos2dcpp\arm\debug\btconvexhullshape.o
c:\users\boss\documents\androidgame\androidgame\proj.visualstudio\cocos2dcpp\arm\debug\ccmotionstreak3d.o
c:\users\boss\documents\androidgame\androidgame\proj.visualstudio\cocos2dcpp\arm\debug\btuniversalconstraint.o
c:\users\boss\documents\androidgame\androidgame\proj.visualstudio\cocos2dcpp\arm\debug\ccfontatlascache.o
c:\users\boss\documents\androidgame\androidgame\proj.visualstudio\cocos2dcpp\arm\debug\ccglviewimpl-android.o
c:\users\boss\documents\androidgame\androidgame\proj.visualstudio\cocos2dcpp\arm\debug\cctransitionpageturn.o
c:\users\boss\documents\androidgame\androidgame\proj.visualstudio\cocos2dcpp\arm\debug\uieditboximpl-linux.o
c:\users\boss\documents\androidgame\androidgame\proj.visualstudio\cocos2dcpp\arm\debug\btdefaultsoftbodysolver.o
c:\users\boss\documents\androidgame\androidgame\proj.visualstudio\cocos2dcpp\arm\debug\b2chainandcirclecontact.o
c:\users\boss\documents\androidgame\androidgame\proj.visualstudio\cocos2dcpp\arm\debug\ccanimationcache.o
c:\users\boss\documents\androidgame\androidgame\proj.visualstudio\cocos2dcpp\arm\debug\ccrandom.o
c:\users\boss\documents\androidgame\androidgame\proj.visualstudio\cocos2dcpp\arm\debug\uislider.o
c:\users\boss\documents\androidgame\androidgame\proj.visualstudio\cocos2dcpp\arm\debug\bttriangleindexvertexmaterialarray.o
c:\users\boss\documents\androidgame\androidgame\proj.visualstudio\cocos2dcpp\arm\debug\uivideoplayer-android.o
c:\users\boss\documents\androidgame\androidgame\proj.visualstudio\cocos2dcpp\arm\debug\s3tc.o
c:\users\boss\documents\androidgame\androidgame\proj.visualstudio\cocos2dcpp\arm\debug\detournavmeshbuilder.o
c:\users\boss\documents\androidgame\androidgame\proj.visualstudio\cocos2dcpp\arm\debug\ccfontfreetype.o
c:\users\boss\documents\androidgame\androidgame\proj.visualstudio\cocos2dcpp\arm\debug\audioresampler.o
c:\users\boss\documents\androidgame\androidgame\proj.visualstudio\cocos2dcpp\arm\debug\btsphereshape.o
c:\users\boss\documents\androidgame\androidgame\proj.visualstudio\cocos2dcpp\arm\debug\ccns.o
c:\users\boss\documents\androidgame\androidgame\proj.visualstudio\cocos2dcpp\arm\debug\ccimage.o
c:\users\boss\documents\androidgame\androidgame\proj.visualstudio\cocos2dcpp\arm\debug\b2edgeandcirclecontact.o
c:\users\boss\documents\androidgame\androidgame\proj.visualstudio\cocos2dcpp\arm\debug\recast.o
c:\users\boss\documents\androidgame\androidgame\proj.visualstudio\cocos2dcpp\arm\debug\uiradiobutton.o
c:\users\boss\documents\androidgame\androidgame\proj.visualstudio\cocos2dcpp\arm\debug\cclabelttf.o
c:\users\boss\documents\androidgame\androidgame\proj.visualstudio\cocos2dcpp\arm\debug\ccterrain.o
c:\users\boss\documents\androidgame\androidgame\proj.visualstudio\cocos2dcpp\arm\debug\cceventlistenercustom.o
c:\users\boss\documents\androidgame\androidgame\proj.visualstudio\cocos2dcpp\arm\debug\uitextbmfont.o
c:\users\boss\documents\androidgame\androidgame\proj.visualstudio\cocos2dcpp\arm\debug\b2collidepolygon.o
c:\users\boss\documents\androidgame\androidgame\proj.visualstudio\cocos2dcpp\arm\debug\gim_contact.o
c:\users\boss\documents\androidgame\androidgame\proj.visualstudio\cocos2dcpp\arm\debug\ccmesh.o
c:\users\boss\documents\androidgame\androidgame\proj.visualstudio\cocos2dcpp\arm\debug\bttetrahedronshape.o
c:\users\boss\documents\androidgame\androidgame\proj.visualstudio\cocos2dcpp\arm\debug\ccobb.o
c:\users\boss\documents\androidgame\androidgame\proj.visualstudio\cocos2dcpp\arm\debug\cctrianglescommand.o
c:\users\boss\documents\androidgame\androidgame\proj.visualstudio\cocos2dcpp\arm\debug\cctransition.o
c:\users\boss\documents\androidgame\androidgame\proj.visualstudio\cocos2dcpp\arm\debug\ccactioninstant.o
c:\users\boss\documents\androidgame\androidgame\proj.visualstudio\cocos2dcpp\arm\debug\b2blockallocator.o
c:\users\boss\documents\androidgame\androidgame\proj.visualstudio\cocos2dcpp\arm\debug\pcmaudioplayer.o
c:\users\boss\documents\androidgame\androidgame\proj.visualstudio\cocos2dcpp\arm\debug\cceventlistenerfocus.o
c:\users\boss\documents\androidgame\androidgame\proj.visualstudio\cocos2dcpp\arm\debug\vec2.o
c:\users\boss\documents\androidgame\androidgame\proj.visualstudio\cocos2dcpp\arm\debug\cocos2d.o
c:\users\boss\documents\androidgame\androidgame\proj.visualstudio\cocos2dcpp\arm\debug\btdefaultcollisionconfiguration.o
c:\users\boss\documents\androidgame\androidgame\proj.visualstudio\cocos2dcpp\arm\debug\ccvertexindexdata.o
c:\users\boss\documents\androidgame\androidgame\proj.visualstudio\cocos2dcpp\arm\debug\titlescene.o
c:\users\boss\documents\androidgame\androidgame\proj.visualstudio\cocos2dcpp\arm\debug\uitextatlas.o
c:\users\boss\documents\androidgame\androidgame\proj.visualstudio\cocos2dcpp\arm\debug\debugdraw.o
c:\users\boss\documents\androidgame\androidgame\proj.visualstudio\cocos2dcpp\arm\debug\java_org_cocos2dx_lib_cocos2dxaccelerometer.o
c:\users\boss\documents\androidgame\androidgame\proj.visualstudio\cocos2dcpp\arm\debug\btmultibodyjointmotor.o
c:\users\boss\documents\androidgame\androidgame\proj.visualstudio\cocos2dcpp\arm\debug\ccparticleexamples.o
c:\users\boss\documents\androidgame\androidgame\proj.visualstudio\cocos2dcpp\arm\debug\ccvertexindexbuffer.o
c:\users\boss\documents\androidgame\androidgame\proj.visualstudio\cocos2dcpp\arm\debug\audioengine.o
c:\users\boss\documents\androidgame\androidgame\proj.visualstudio\cocos2dcpp\arm\debug\ccglstatecache.o
c:\users\boss\documents\androidgame\androidgame\proj.visualstudio\cocos2dcpp\arm\debug\unzip.o
c:\users\boss\documents\androidgame\androidgame\proj.visualstudio\cocos2dcpp\arm\debug\btbox2dshape.o
c:\users\boss\documents\androidgame\androidgame\proj.visualstudio\cocos2dcpp\arm\debug\httpcookie.o
c:\users\boss\documents\androidgame\androidgame\proj.visualstudio\cocos2dcpp\arm\debug\ccprimitive.o
c:\users\boss\documents\androidgame\androidgame\proj.visualstudio\cocos2dcpp\arm\debug\cceventfocus.o
c:\users\boss\documents\androidgame\androidgame\proj.visualstudio\cocos2dcpp\arm\debug\ccdictionary.o
c:\users\boss\documents\androidgame\androidgame\proj.visualstudio\cocos2dcpp\arm\debug\b2edgeandpolygoncontact.o
c:\users\boss\documents\androidgame\androidgame\proj.visualstudio\cocos2dcpp\arm\debug\pcmbufferprovider.o
c:\users\boss\documents\androidgame\androidgame\proj.visualstudio\cocos2dcpp\arm\debug\b2wheeljoint.o
c:\users\boss\documents\androidgame\androidgame\proj.visualstudio\cocos2dcpp\arm\debug\transformutils.o
c:\users\boss\documents\androidgame\androidgame\proj.visualstudio\cocos2dcpp\arm\debug\ccmotionstreak.o
c:\users\boss\documents\androidgame\androidgame\proj.visualstudio\cocos2dcpp\arm\debug\btspheretrianglecollisionalgorithm.o
c:\users\boss\documents\androidgame\androidgame\proj.visualstudio\cocos2dcpp\arm\debug\btdantziglcp.o
c:\users\boss\documents\androidgame\androidgame\proj.visualstudio\cocos2dcpp\arm\debug\uiscrollviewbar.o
c:\users\boss\documents\androidgame\androidgame\proj.visualstudio\cocos2dcpp\arm\debug\audioresamplercubic.o
c:\users\boss\documents\androidgame\androidgame\proj.visualstudio\cocos2dcpp\arm\debug\cceventtouch.o
c:\users\boss\documents\androidgame\androidgame\proj.visualstudio\cocos2dcpp\arm\debug\cceventlistenermouse.o
c:\users\boss\documents\androidgame\androidgame\proj.visualstudio\cocos2dcpp\arm\debug\detourobstacleavoidance.o
c:\users\boss\documents\androidgame\androidgame\proj.visualstudio\cocos2dcpp\arm\debug\spulibspe2support.o
c:\users\boss\documents\androidgame\androidgame\proj.visualstudio\cocos2dcpp\arm\debug\btthreadsupportinterface.o
c:\users\boss\documents\androidgame\androidgame\proj.visualstudio\cocos2dcpp\arm\debug\uiwidget.o
c:\users\boss\documents\androidgame\androidgame\proj.visualstudio\cocos2dcpp\arm\debug\bullet-c-api.o
c:\users\boss\documents\androidgame\androidgame\proj.visualstudio\cocos2dcpp\arm\debug\btunionfind.o
c:\users\boss\documents\androidgame\androidgame\proj.visualstudio\cocos2dcpp\arm\debug\btmultibodyconstraintsolver.o
c:\users\boss\documents\androidgame\androidgame\proj.visualstudio\cocos2dcpp\arm\debug\b2joint.o
c:\users\boss\documents\androidgame\androidgame\proj.visualstudio\cocos2dcpp\arm\debug\audiomixercontroller.o
c:\users\boss\documents\androidgame\androidgame\proj.visualstudio\cocos2dcpp\arm\debug\btbroadphaseproxy.o
c:\users\boss\documents\androidgame\androidgame\proj.visualstudio\cocos2dcpp\arm\debug\cceventlistenertouch.o
c:\users\boss\documents\androidgame\androidgame\proj.visualstudio\cocos2dcpp\arm\debug\ccproperties.o
c:\users\boss\documents\androidgame\androidgame\proj.visualstudio\cocos2dcpp\arm\debug\uilayoutparameter.o
c:\users\boss\documents\androidgame\androidgame\proj.visualstudio\cocos2dcpp\arm\debug\btcompoundcompoundcollisionalgorithm.o
c:\users\boss\documents\androidgame\androidgame\proj.visualstudio\cocos2dcpp\arm\debug\btconvex2dshape.o
c:\users\boss\documents\androidgame\androidgame\proj.visualstudio\cocos2dcpp\arm\debug\ccallocatorglobalnewdelete.o
c:\users\boss\documents\androidgame\androidgame\proj.visualstudio\cocos2dcpp\arm\debug\btconvexhull.o
c:\users\boss\documents\androidgame\androidgame\proj.visualstudio\cocos2dcpp\arm\debug\b2fixture.o
c:\users\boss\documents\androidgame\androidgame\proj.visualstudio\cocos2dcpp\arm\debug\shapes.o
c:\users\boss\documents\androidgame\androidgame\proj.visualstudio\cocos2dcpp\arm\debug\spugatheringcollisiondispatcher.o
c:\users\boss\documents\androidgame\androidgame\proj.visualstudio\cocos2dcpp\arm\debug\btpolyhedralcontactclipping.o
c:\users\boss\documents\androidgame\androidgame\proj.visualstudio\cocos2dcpp\arm\debug\uiwebviewimpl-android.o
c:\users\boss\documents\androidgame\androidgame\proj.visualstudio\cocos2dcpp\arm\debug\btcontactconstraint.o
c:\users\boss\documents\androidgame\androidgame\proj.visualstudio\cocos2dcpp\arm\debug\btgeneric6dofconstraint.o
c:\users\boss\documents\androidgame\androidgame\proj.visualstudio\cocos2dcpp\arm\debug\uiscale9sprite.o
c:\users\boss\documents\androidgame\androidgame\proj.visualstudio\cocos2dcpp\arm\debug\ccuserdefault.o
c:\users\boss\documents\androidgame\androidgame\proj.visualstudio\cocos2dcpp\arm\debug\bthingeconstraint.o
c:\users\boss\documents\androidgame\androidgame\proj.visualstudio\cocos2dcpp\arm\debug\btgeometryutil.o
c:\users\boss\documents\androidgame\androidgame\proj.visualstudio\cocos2dcpp\arm\debug\b2polygonshape.o
c:\users\boss\documents\androidgame\androidgame\proj.visualstudio\cocos2dcpp\arm\debug\ccnode.o
c:\users\boss\documents\androidgame\androidgame\proj.visualstudio\cocos2dcpp\arm\debug\ziputils.o
c:\users\boss\documents\androidgame\androidgame\proj.visualstudio\cocos2dcpp\arm\debug\java_org_cocos2dx_lib_cocos2dxbitmap.o
c:\users\boss\documents\androidgame\androidgame\proj.visualstudio\cocos2dcpp\arm\debug\uihbox.o
c:\users\boss\documents\androidgame\androidgame\proj.visualstudio\cocos2dcpp\arm\debug\b2collidecircle.o
c:\users\boss\documents\androidgame\androidgame\proj.visualstudio\cocos2dcpp\arm\debug\cpu-features.o
c:\users\boss\documents\androidgame\androidgame\proj.visualstudio\cocos2dcpp\arm\debug\cclabeltextformatter.o
c:\users\boss\documents\androidgame\androidgame\proj.visualstudio\cocos2dcpp\arm\debug\uipageview.o
c:\users\boss\documents\androidgame\androidgame\proj.visualstudio\cocos2dcpp\arm\debug\ccfontcharmap.o
c:\users\boss\documents\androidgame\androidgame\proj.visualstudio\cocos2dcpp\arm\debug\ccglbufferednode.o
c:\users\boss\documents\androidgame\androidgame\proj.visualstudio\cocos2dcpp\arm\debug\ccprimitivecommand.o
c:\users\boss\documents\androidgame\androidgame\proj.visualstudio\cocos2dcpp\arm\debug\btcapsuleshape.o
c:\users\boss\documents\androidgame\androidgame\proj.visualstudio\cocos2dcpp\arm\debug\ccactiongrid3d.o
c:\users\boss\documents\androidgame\androidgame\proj.visualstudio\cocos2dcpp\arm\debug\ccrendercommand.o
c:\users\boss\documents\androidgame\androidgame\proj.visualstudio\cocos2dcpp\arm\debug\uitextfield.o
c:\users\boss\documents\androidgame\androidgame\proj.visualstudio\cocos2dcpp\arm\debug\cccomponent.o
c:\users\boss\documents\androidgame\androidgame\proj.visualstudio\cocos2dcpp\arm\debug\etc1.o
c:\users\boss\documents\androidgame\androidgame\proj.visualstudio\cocos2dcpp\arm\debug\btmlcpsolver.o
c:\users\boss\documents\androidgame\androidgame\proj.visualstudio\cocos2dcpp\arm\debug\ccdevice-android.o
c:\users\boss\documents\androidgame\androidgame\proj.visualstudio\cocos2dcpp\arm\debug\ccactionpageturn3d.o
c:\users\boss\documents\androidgame\androidgame\proj.visualstudio\cocos2dcpp\arm\debug\edtaa3func.o
c:\users\boss\documents\androidgame\androidgame\proj.visualstudio\cocos2dcpp\arm\debug\ccphysics3d.o
c:\users\boss\documents\androidgame\androidgame\proj.visualstudio\cocos2dcpp\arm\debug\ccmenu.o
c:\users\boss\documents\androidgame\androidgame\proj.visualstudio\cocos2dcpp\arm\debug\btsoftbody.o
c:\users\boss\documents\androidgame\androidgame\proj.visualstudio\cocos2dcpp\arm\debug\tinyxml2.o
c:\users\boss\documents\androidgame\androidgame\proj.visualstudio\cocos2dcpp\arm\debug\cceventdispatcher.o
c:\users\boss\documents\androidgame\androidgame\proj.visualstudio\cocos2dcpp\arm\debug\ccplane.o
c:\users\boss\documents\androidgame\androidgame\proj.visualstudio\cocos2dcpp\arm\debug\ccdrawingprimitives.o
c:\users\boss\documents\androidgame\androidgame\proj.visualstudio\cocos2dcpp\arm\debug\b2body.o
c:\users\boss\documents\androidgame\androidgame\proj.visualstudio\cocos2dcpp\arm\debug\b2distancejoint.o
c:\users\boss\documents\androidgame\androidgame\proj.visualstudio\cocos2dcpp\arm\debug\btspherespherecollisionalgorithm.o
c:\users\boss\documents\androidgame\androidgame\proj.visualstudio\cocos2dcpp\arm\debug\minicltaskscheduler.o
c:\users\boss\documents\androidgame\androidgame\proj.visualstudio\cocos2dcpp\arm\debug\ioapi.o
c:\users\boss\documents\androidgame\androidgame\proj.visualstudio\cocos2dcpp\arm\debug\mathutil.o
c:\users\boss\documents\androidgame\androidgame\proj.visualstudio\cocos2dcpp\arm\debug\btcompoundshape.o
c:\users\boss\documents\androidgame\androidgame\proj.visualstudio\cocos2dcpp\arm\debug\b2rope.o
c:\users\boss\documents\androidgame\androidgame\proj.visualstudio\cocos2dcpp\arm\debug\websocket.o
c:\users\boss\documents\androidgame\androidgame\proj.visualstudio\cocos2dcpp\arm\debug\libcocos2dcpp.so
c:\users\boss\documents\androidgame\androidgame\proj.visualstudio\arm\debug\libcocos2dcpp.so
c:\users\boss\documents\androidgame\androidgame\proj.visualstudio\cocos2dcpp\arm\debug\cocos2dcpp.tlog\arm-linux-androideabi-gcc.command.1.tlog
c:\users\boss\documents\androidgame\androidgame\proj.visualstudio\cocos2dcpp\arm\debug\cocos2dcpp.tlog\cocos2dcpp.write.1u.tlog
c:\users\boss\documents\androidgame\androidgame\proj.visualstudio\cocos2dcpp\arm\debug\cocos2dcpp.tlog\microsoft.build.cpptasks.clangcompile.read.1.tlog
c:\users\boss\documents\androidgame\androidgame\proj.visualstudio\cocos2dcpp\arm\debug\cocos2dcpp.tlog\microsoft.build.cpptasks.clangcompile.write.1.tlog
c:\users\boss\documents\androidgame\androidgame\proj.visualstudio\cocos2dcpp\arm\debug\cocos2dcpp.tlog\microsoft.build.cpptasks.clanglink.read.1.tlog
c:\users\boss\documents\androidgame\androidgame\proj.visualstudio\cocos2dcpp\arm\debug\cocos2dcpp.tlog\microsoft.build.cpptasks.clanglink.write.1.tlog
